#-----------------------------------------------------------
# Vivado v2018.1 (64-bit)
# SW Build 2188600 on Wed Apr  4 18:40:38 MDT 2018
# IP Build 2185939 on Wed Apr  4 20:55:05 MDT 2018
# Start of session at: Mon Apr 16 16:33:30 2018
# Process ID: 13112
# Current directory: C:/Users/cryst/Documents/School/CMPEN270Final
# Command line: vivado.exe -gui_launcher_event rodinguilauncherevent6656 C:\Users\cryst\Documents\School\CMPEN270Final\MorseCode.xpr
# Log file: C:/Users/cryst/Documents/School/CMPEN270Final/vivado.log
# Journal file: C:/Users/cryst/Documents/School/CMPEN270Final\vivado.jou
#-----------------------------------------------------------
start_gui
open_project C:/Users/cryst/Documents/School/CMPEN270Final/MorseCode.xpr
Scanning sources...
Finished scanning sources
INFO: [IP_Flow 19-234] Refreshing IP repositories
INFO: [IP_Flow 19-1704] No user IP repositories specified
INFO: [IP_Flow 19-2313] Loaded Vivado IP repository 'C:/Xilinx/Vivado/2018.1/data/ip'.
open_project: Time (s): cpu = 00:00:14 ; elapsed = 00:00:44 . Memory (MB): peak = 731.008 ; gain = 64.973
update_compile_order -fileset sources_1
<<<<<<< Updated upstream
update_compile_order -fileset sources_1
import_files -norecurse C:/Users/cryst/Documents/School/CMPEN270Final/codeTranslator.vhd
update_compile_order -fileset sources_1
import_files -norecurse C:/Users/cryst/Downloads/MACHOMUX.vhd
update_compile_order -fileset sources_1
import_files -norecurse C:/Users/cryst/Downloads/four_bit_register.vhd
update_compile_order -fileset sources_1
import_files -norecurse C:/Users/cryst/Downloads/SevenSeg.vhd
update_compile_order -fileset sources_1
exit
INFO: [Common 17-206] Exiting Vivado at Mon Apr 16 19:40:44 2018...
=======
exit
INFO: [Common 17-206] Exiting Vivado at Sun Apr 15 19:35:01 2018...
>>>>>>> Stashed changes
