#-----------------------------------------------------------
# Vivado v2018.1 (64-bit)
# SW Build 2188600 on Wed Apr  4 18:40:38 MDT 2018
# IP Build 2185939 on Wed Apr  4 20:55:05 MDT 2018
# Start of session at: Mon Apr 23 15:48:35 2018
# Process ID: 10236
# Current directory: C:/Users/cryst/Documents/School/CMPEN270Final
# Command line: vivado.exe -gui_launcher_event rodinguilauncherevent3192 C:\Users\cryst\Documents\School\CMPEN270Final\MorseCode.xpr
# Log file: C:/Users/cryst/Documents/School/CMPEN270Final/vivado.log
# Journal file: C:/Users/cryst/Documents/School/CMPEN270Final\vivado.jou
#-----------------------------------------------------------
start_gui
open_project C:/Users/cryst/Documents/School/CMPEN270Final/MorseCode.xpr
Scanning sources...
Finished scanning sources
INFO: [IP_Flow 19-234] Refreshing IP repositories
INFO: [IP_Flow 19-1704] No user IP repositories specified
INFO: [IP_Flow 19-2313] Loaded Vivado IP repository 'C:/Xilinx/Vivado/2018.1/data/ip'.
open_project: Time (s): cpu = 00:00:12 ; elapsed = 00:00:19 . Memory (MB): peak = 732.461 ; gain = 31.684
update_compile_order -fileset sources_1
exit
INFO: [Common 17-206] Exiting Vivado at Mon Apr 23 15:50:56 2018...
